Server started
Server is running on 5000
Successfully connected to MongoDB
Dodalem notatke
Pobralem notatki
Pobralem notatki
Dodalem notatke
Pobralem notatki
Pobralem notatki
Pobralem notatki
Pobralem notatki
Pobralem notatki
Pobralem notatki
Pobralem notatki
Pobralem notatki
Pobralem notatki
Pobralem notatki
Pobralem notatki
Pobralem notatki
Pobralem notatki
Pobralem notatki
Pobralem notatki
Pobralem notatki
Pobralem notatki
Pobralem notatki
Pobralem notatki
Pobralem notatki
Pobralem notatki
Pobralem notatki
Pobralem notatki
Pobralem notatki
Pobralem notatki
Pobralem notatki
Pobralem notatki
Pobralem notatki
Pobralem notatki
Pobralem notatki
Pobralem notatki
Pobralem notatki
Pobralem notatki
Pobralem notatki
Pobralem notatki
Pobralem notatki
Pobralem notatki
Pobralem notatki
Dodalem notatke
Pobralem notatki
Pobralem notatki
Pobralem notatki
Pobralem notatki
Dodalem notatke
Pobralem notatki
Pobralem notatki
Pobralem notatki
Pobralem notatki
Pobralem notatki
Pobralem notatki
Pobralem notatki
Pobralem notatki
Pobralem notatki
Pobralem notatki
Pobralem notatki
Pobralem notatki
Pobralem notatki
Pobralem notatki
Pobralem notatki
Pobralem notatki
Pobralem notatki
Pobralem notatki
Pobralem notatki
Pobralem notatki
Pobralem notatki
Pobralem notatki
Pobralem notatki
Pobralem notatki
Pobralem notatki
Pobralem notatki
Pobralem notatki
Pobralem notatki
Pobralem notatki
Pobralem notatki
Pobralem notatki
Pobralem notatki
Pobralem notatki
Pobralem notatki
Pobralem notatki
Pobralem notatki
Pobralem notatki
Pobralem notatki
Pobralem notatki
Pobralem notatki
Pobralem notatki
Pobralem notatki
Pobralem notatki
Pobralem notatki
Dodalem notatke
Pobralem notatki
Pobralem notatki
Pobralem notatki
Pobralem notatki
Pobralem ogloszenia
Pobralem ogloszenia
Pobralem notatki
Pobralem notatki
Dodalem notatke
Pobralem notatki
Pobralem notatki
Pobralem notatki
Dodalem notatke
Pobralem notatki
Pobralem notatki
Pobralem notatki
Usunalem wszystkie notatki
Pobralem notatki
Pobralem notatki
Dodalem notatke
Pobralem notatki
Pobralem notatki
Pobralem notatki
Pobralem notatki
Dodalem notatke
Pobralem notatki
Pobralem notatki
Pobralem notatki
Pobralem notatki
Pobralem notatki
Pobralem notatki
Pobralem ogloszenia
Pobralem ogloszenia
Pobralem czaty
Pobralem czaty
